<?xml version="1.0" encoding="UTF-8"?>
<testng-results skipped="0" failed="0" total="2" passed="2">
  <reporter-output>
  </reporter-output>
  <suite name="Default suite" duration-ms="4106" started-at="2020-08-26T11:36:29Z" finished-at="2020-08-26T11:36:33Z">
    <groups>
    </groups>
    <test name="Default test" duration-ms="4106" started-at="2020-08-26T11:36:29Z" finished-at="2020-08-26T11:36:33Z">
      <class name="Test01_GET">
        <test-method status="PASS" signature="test_01()[pri:1, instance:Test01_GET@591f989e]" name="test_01" duration-ms="2851" started-at="2020-08-26T17:06:29Z" finished-at="2020-08-26T17:06:31Z">
          <reporter-output>
          </reporter-output>
        </test-method> <!-- test_01 -->
        <test-method status="PASS" signature="test_02()[pri:2, instance:Test01_GET@591f989e]" name="test_02" duration-ms="1237" started-at="2020-08-26T17:06:31Z" finished-at="2020-08-26T17:06:33Z">
          <reporter-output>
          </reporter-output>
        </test-method> <!-- test_02 -->
      </class> <!-- Test01_GET -->
    </test> <!-- Default test -->
  </suite> <!-- Default suite -->
</testng-results>
